2022-05-07 16:24:58 [UserController.java] [INFO] ProjectManagementSystem [UserController] - [Generate Token]
2022-05-07 16:24:58 [UserController.java] [INFO] ProjectManagementSystem [UserController] - [Admin Ping]
2022-05-07 16:24:58 [AdminController.java] [INFO] ProjectManagementSystem [AdminController] - [Get All Manager]
2022-05-07 16:24:58 [AdminController.java] [INFO] ProjectManagementSystem [AdminController] - [Get All Employee]
2022-05-07 16:24:58 [AdminController.java] [INFO] ProjectManagementSystem [AdminController] - [Get All Manager]
2022-05-07 16:24:58 [AdminController.java] [INFO] ProjectManagementSystem [AdminController] - [Get All Employee]
2022-05-07 16:25:34 [UserController.java] [INFO] ProjectManagementSystem [UserController] - [Generate Token]
2022-05-07 16:25:35 [UserController.java] [INFO] ProjectManagementSystem [UserController] - [Generate Token]
2022-05-07 16:25:36 [UserController.java] [INFO] ProjectManagementSystem [UserController] - [Generate Token]
2022-05-07 16:25:36 [UserController.java] [INFO] ProjectManagementSystem [UserController] - [Generate Token]
2022-05-07 16:25:37 [UserController.java] [INFO] ProjectManagementSystem [UserController] - [Generate Token]
2022-05-07 16:25:37 [UserController.java] [INFO] ProjectManagementSystem [UserController] - [Generate Token]
2022-05-07 16:25:37 [UserController.java] [INFO] ProjectManagementSystem [UserController] - [Generate Token]
2022-05-07 16:25:37 [UserController.java] [INFO] ProjectManagementSystem [UserController] - [Generate Token]
2022-05-07 16:25:37 [UserController.java] [INFO] ProjectManagementSystem [UserController] - [Generate Token]
2022-05-07 16:25:38 [UserController.java] [INFO] ProjectManagementSystem [UserController] - [Generate Token]
2022-05-07 16:25:38 [UserController.java] [INFO] ProjectManagementSystem [UserController] - [Generate Token]
2022-05-07 16:25:38 [UserController.java] [INFO] ProjectManagementSystem [UserController] - [Generate Token]
2022-05-07 16:25:38 [UserController.java] [INFO] ProjectManagementSystem [UserController] - [Generate Token]
2022-05-07 16:25:38 [UserController.java] [INFO] ProjectManagementSystem [UserController] - [Generate Token]
2022-05-07 16:25:39 [UserController.java] [INFO] ProjectManagementSystem [UserController] - [Generate Token]
2022-05-07 16:25:41 [UserController.java] [INFO] ProjectManagementSystem [UserController] - [Generate Token]
2022-05-07 16:25:41 [UserController.java] [INFO] ProjectManagementSystem [UserController] - [Generate Token]
2022-05-07 16:25:41 [UserController.java] [INFO] ProjectManagementSystem [UserController] - [Generate Token]
2022-05-07 16:25:41 [UserController.java] [INFO] ProjectManagementSystem [UserController] - [Generate Token]
2022-05-07 16:25:45 [UserController.java] [INFO] ProjectManagementSystem [UserController] - [Generate Token]
2022-05-07 16:25:46 [UserController.java] [INFO] ProjectManagementSystem [UserController] - [Admin Ping]
2022-05-07 16:25:46 [AdminController.java] [INFO] ProjectManagementSystem [AdminController] - [Get All Employee]
2022-05-07 16:25:46 [AdminController.java] [INFO] ProjectManagementSystem [AdminController] - [Get All Manager]
2022-05-07 16:25:46 [AdminController.java] [INFO] ProjectManagementSystem [AdminController] - [Get All Employee]
2022-05-07 16:25:46 [AdminController.java] [INFO] ProjectManagementSystem [AdminController] - [Get All Manager]
2022-05-07 16:26:38 [UserController.java] [INFO] ProjectManagementSystem [UserController] - [Generate Token]
2022-05-11 00:04:07 [UserController.java] [INFO] ProjectManagementSystem [UserController] - [Save User]
2022-05-11 00:09:40 [UserController.java] [INFO] ProjectManagementSystem [UserController] - [Save User]
2022-05-11 00:14:47 [UserController.java] [INFO] ProjectManagementSystem [UserController] - [Save User]
2022-05-11 00:14:48 [AdminController.java] [INFO] ProjectManagementSystem [AdminController] - [Delete User]
2022-05-11 02:00:46 [AdminController.java] [INFO] ProjectManagementSystem [AdminController] - [Get All Manager]
2022-05-11 02:00:46 [AdminController.java] [INFO] ProjectManagementSystem [AdminController] - [Get All Employee]
2022-05-11 02:00:46 [UserController.java] [INFO] ProjectManagementSystem [UserController] - [Save User]
2022-05-11 02:00:47 [AdminController.java] [INFO] ProjectManagementSystem [AdminController] - [Delete User]
2022-05-11 02:02:46 [AdminController.java] [INFO] ProjectManagementSystem [AdminController] - [Get All Manager]
2022-05-11 02:02:46 [AdminController.java] [INFO] ProjectManagementSystem [AdminController] - [Get All Employee]
2022-05-11 02:02:46 [UserController.java] [INFO] ProjectManagementSystem [UserController] - [Save User]
2022-05-11 02:02:46 [AdminController.java] [INFO] ProjectManagementSystem [AdminController] - [Delete User]
